[debug] [2024-12-29T14:31:42.606Z] ----------------------------------------------------------------------
[debug] [2024-12-29T14:31:42.610Z] Command:       C:\Program Files\nodejs\node.exe C:\Users\User\AppData\Roaming\npm\node_modules\firebase-tools\lib\bin\firebase.js deploy
[debug] [2024-12-29T14:31:42.611Z] CLI Version:   13.29.1
[debug] [2024-12-29T14:31:42.611Z] Platform:      win32
[debug] [2024-12-29T14:31:42.612Z] Node Version:  v18.17.1
[debug] [2024-12-29T14:31:42.613Z] Time:          Sun Dec 29 2024 15:31:42 GMT+0100 (Mitteleuropäische Normalzeit)
[debug] [2024-12-29T14:31:42.613Z] ----------------------------------------------------------------------
[debug] 
[debug] [2024-12-29T14:31:42.744Z] > command requires scopes: ["email","openid","https://www.googleapis.com/auth/cloudplatformprojects.readonly","https://www.googleapis.com/auth/firebase","https://www.googleapis.com/auth/cloud-platform"]
[debug] [2024-12-29T14:31:42.744Z] > authorizing via signed-in user (aaronstupf04@gmail.com)
[debug] [2024-12-29T14:31:42.744Z] [iam] checking project nike-7cd24 for permissions ["firebase.projects.get","firebasehosting.sites.update"]
[debug] [2024-12-29T14:31:42.747Z] Checked if tokens are valid: true, expires at: 1735485263044
[debug] [2024-12-29T14:31:42.747Z] Checked if tokens are valid: true, expires at: 1735485263044
[debug] [2024-12-29T14:31:42.749Z] >>> [apiv2][query] POST https://cloudresourcemanager.googleapis.com/v1/projects/nike-7cd24:testIamPermissions [none]
[debug] [2024-12-29T14:31:42.749Z] >>> [apiv2][(partial)header] POST https://cloudresourcemanager.googleapis.com/v1/projects/nike-7cd24:testIamPermissions x-goog-quota-user=projects/nike-7cd24
[debug] [2024-12-29T14:31:42.749Z] >>> [apiv2][body] POST https://cloudresourcemanager.googleapis.com/v1/projects/nike-7cd24:testIamPermissions {"permissions":["firebase.projects.get","firebasehosting.sites.update"]}
[debug] [2024-12-29T14:31:43.546Z] <<< [apiv2][status] POST https://cloudresourcemanager.googleapis.com/v1/projects/nike-7cd24:testIamPermissions 200
[debug] [2024-12-29T14:31:43.546Z] <<< [apiv2][body] POST https://cloudresourcemanager.googleapis.com/v1/projects/nike-7cd24:testIamPermissions {"permissions":["firebase.projects.get","firebasehosting.sites.update"]}
[debug] [2024-12-29T14:31:43.548Z] Checked if tokens are valid: true, expires at: 1735485263044
[debug] [2024-12-29T14:31:43.548Z] Checked if tokens are valid: true, expires at: 1735485263044
[debug] [2024-12-29T14:31:43.549Z] >>> [apiv2][query] GET https://firebase.googleapis.com/v1beta1/projects/nike-7cd24 [none]
[debug] [2024-12-29T14:31:43.796Z] <<< [apiv2][status] GET https://firebase.googleapis.com/v1beta1/projects/nike-7cd24 200
